Magma V2.28-11    Sun May  4 2025 21:22:36 on kashi    [Seed = 3751831092]

+-------------------------------------------------------------------+
|       This copy of Magma has been made available through a        |
|                   generous initiative of the                      |
|                                                                   |
|                         Simons Foundation                         |
|                                                                   |
| covering U.S. Colleges, Universities, Nonprofit Research entities,|
|               and their students, faculty, and staff              |
+-------------------------------------------------------------------+

Type ? for help.  Type <Ctrl>-D to quit.

Loading file "/home/nguyen7/QuantumCode/CC_CodesAxiom2014/Input/q2_n10.m"
CSS Quantum Code from Theorem 6: [[10, 6, 2]]_2^2
CSS Quantum Code from Theorem 6: [[10, 4, 2]]_2^2
CSS Quantum Code from Theorem 6: [[10, 4, 2]]_2^2
CSS Quantum Code from Theorem 6: [[10, 2, 2]]_2^2
CSS Quantum Code from Theorem 6: [[10, 7, 2]]_2^2
CSS Quantum Code from Theorem 6: [[10, 5, 2]]_2^2
CSS Quantum Code from Theorem 6: [[10, 5, 2]]_2^2
CSS Quantum Code from Theorem 6: [[10, 3, 2]]_2^2
CSS Quantum Code from Theorem 6: [[10, 3, 2]]_2^2
CSS Quantum Code from Theorem 6: [[10, 1, 3]]_2^2
CSS Quantum Code from Theorem 6: [[10, 6, 2]]_2^2
CSS Quantum Code from Theorem 6: [[10, 4, 2]]_2^2
CSS Quantum Code from Theorem 6: [[10, 4, 2]]_2^2
CSS Quantum Code from Theorem 6: [[10, 2, 3]]_2^2
CSS Quantum Code from Theorem 6: [[10, 2, 2]]_2^2
CSS Quantum Code from Theorem 6: [[10, 0, 10]]_2^2
CSS Quantum Code from Theorem 6: [[10, 4, 2]]_2^2
CSS Quantum Code from Theorem 6: [[10, 2, 3]]_2^2
CSS Quantum Code from Theorem 6: [[10, 5, 2]]_2^2
CSS Quantum Code from Theorem 6: [[10, 3, 2]]_2^2
CSS Quantum Code from Theorem 6: [[10, 1, 3]]_2^2
CSS Quantum Code from Theorem 6: [[10, 4, 2]]_2^2
CSS Quantum Code from Theorem 6: [[10, 2, 3]]_2^2
CSS Quantum Code from Theorem 6: [[10, 0, 10]]_2^2
CSS Quantum Code from Theorem 6: [[10, 4, 2]]_2^2
CSS Quantum Code from Theorem 6: [[10, 2, 2]]_2^2
CSS Quantum Code from Theorem 6: [[10, 7, 2]]_2^2
CSS Quantum Code from Theorem 6: [[10, 5, 2]]_2^2
CSS Quantum Code from Theorem 6: [[10, 3, 2]]_2^2
CSS Quantum Code from Theorem 6: [[10, 5, 2]]_2^2
CSS Quantum Code from Theorem 6: [[10, 3, 2]]_2^2
CSS Quantum Code from Theorem 6: [[10, 1, 3]]_2^2
CSS Quantum Code from Theorem 6: [[10, 6, 2]]_2^2
CSS Quantum Code from Theorem 6: [[10, 4, 2]]_2^2
CSS Quantum Code from Theorem 6: [[10, 2, 2]]_2^2
CSS Quantum Code from Theorem 6: [[10, 4, 2]]_2^2
CSS Quantum Code from Theorem 6: [[10, 2, 3]]_2^2
CSS Quantum Code from Theorem 6: [[10, 0, 10]]_2^2
CSS Quantum Code from Theorem 6: [[10, 5, 2]]_2^2
CSS Quantum Code from Theorem 6: [[10, 3, 2]]_2^2
CSS Quantum Code from Theorem 6: [[10, 3, 2]]_2^2
CSS Quantum Code from Theorem 6: [[10, 1, 2]]_2^2
CSS Quantum Code from Theorem 6: [[10, 4, 2]]_2^2
CSS Quantum Code from Theorem 6: [[10, 2, 2]]_2^2
CSS Quantum Code from Theorem 6: [[10, 2, 2]]_2^2
CSS Quantum Code from Theorem 6: [[10, 0, 10]]_2^2
CSS Quantum Code from Theorem 6: [[10, 3, 2]]_2^2
CSS Quantum Code from Theorem 6: [[10, 1, 2]]_2^2
CSS Quantum Code from Theorem 6: [[10, 2, 2]]_2^2
CSS Quantum Code from Theorem 6: [[10, 0, 10]]_2^2
CSS Quantum Code from Theorem 6: [[10, 5, 2]]_2^2
CSS Quantum Code from Theorem 6: [[10, 3, 2]]_2^2
CSS Quantum Code from Theorem 6: [[10, 1, 3]]_2^2
CSS Quantum Code from Theorem 6: [[10, 4, 2]]_2^2
CSS Quantum Code from Theorem 6: [[10, 2, 3]]_2^2
CSS Quantum Code from Theorem 6: [[10, 0, 10]]_2^2
CSS Quantum Code from Theorem 6: [[10, 3, 2]]_2^2
CSS Quantum Code from Theorem 6: [[10, 1, 2]]_2^2
CSS Quantum Code from Theorem 6: [[10, 2, 2]]_2^2
CSS Quantum Code from Theorem 6: [[10, 0, 10]]_2^2
CSS Quantum Code from Theorem 6: [[10, 1, 2]]_2^2
CSS Quantum Code from Theorem 6: [[10, 0, 10]]_2^2
CSS Quantum Code from Theorem 6: [[10, 6, 2]]_2^2
CSS Quantum Code from Theorem 6: [[10, 4, 2]]_2^2
CSS Quantum Code from Theorem 6: [[10, 6, 2]]_2^2
CSS Quantum Code from Theorem 6: [[10, 4, 2]]_2^2
CSS Quantum Code from Theorem 6: [[10, 2, 2]]_2^2
CSS Quantum Code from Theorem 6: [[10, 4, 2]]_2^2
CSS Quantum Code from Theorem 6: [[10, 2, 2]]_2^2
CSS Quantum Code from Theorem 6: [[10, 0, 10]]_2^2
CSS Quantum Code from Theorem 6: [[10, 4, 2]]_2^2
CSS Quantum Code from Theorem 6: [[10, 2, 2]]_2^2
CSS Quantum Code from Theorem 6: [[10, 2, 2]]_2^2
CSS Quantum Code from Theorem 6: [[10, 0, 10]]_2^2
CSS Quantum Code from Theorem 6: [[10, 2, 2]]_2^2
CSS Quantum Code from Theorem 6: [[10, 0, 10]]_2^2
CSS Quantum Code from Theorem 6: [[10, 2, 2]]_2^2
CSS Quantum Code from Theorem 6: [[10, 0, 10]]_2^2

Total time: 2.680 seconds, Total memory usage: 32.09MB
	Command being timed: "magma /home/nguyen7/QuantumCode/CC_CodesAxiom2014/Input/q2_n10.m"
	User time (seconds): 2.69
	System time (seconds): 0.00
	Percent of CPU this job got: 1%
	Elapsed (wall clock) time (h:mm:ss or m:ss): 2:17.30
	Average shared text size (kbytes): 0
	Average unshared data size (kbytes): 0
	Average stack size (kbytes): 0
	Average total size (kbytes): 0
	Maximum resident set size (kbytes): 20864
	Average resident set size (kbytes): 0
	Major (requiring I/O) page faults: 0
	Minor (reclaiming a frame) page faults: 2473
	Voluntary context switches: 6
	Involuntary context switches: 713
	Swaps: 0
	File system inputs: 0
	File system outputs: 40
	Socket messages sent: 0
	Socket messages received: 0
	Signals delivered: 0
	Page size (bytes): 4096
	Exit status: 0
