Magma V2.28-11    Sun May  4 2025 20:19:19 on kashi    [Seed = 2281189165]

+-------------------------------------------------------------------+
|       This copy of Magma has been made available through a        |
|                   generous initiative of the                      |
|                                                                   |
|                         Simons Foundation                         |
|                                                                   |
| covering U.S. Colleges, Universities, Nonprofit Research entities,|
|               and their students, faculty, and staff              |
+-------------------------------------------------------------------+

Type ? for help.  Type <Ctrl>-D to quit.

Loading file "/home/nguyen7/QuantumCode/CyclicCode/Input/q2_n46.m"
Quantum Code Found: [[46, 24, 2]] over GF(2)
Quantum Code Found: [[46, 2, 7]] over GF(2)
Quantum Code Found: [[46, 24, 2]] over GF(2)
Quantum Code Found: [[46, 2, 2]] over GF(2)
Quantum Code Found: [[46, 2, 7]] over GF(2)
Quantum Code Found: [[46, 44, 2]] over GF(2)
Quantum Code Found: [[46, 22, 2]] over GF(2)
Quantum Code Found: [[46, 0, 8]] over GF(2)
Quantum Code Found: [[46, 0, 8]] over GF(2)
Quantum Code Found: [[46, 22, 2]] over GF(2)
Quantum Code Found: [[46, 0, 2]] over GF(2)
Quantum Code Found: [[46, 0, 2]] over GF(2)
Quantum Code Found: [[46, 22, 2]] over GF(2)
Quantum Code Found: [[46, 0, 8]] over GF(2)
Quantum Code Found: [[46, 0, 8]] over GF(2)
Quantum Code Found: [[46, 22, 2]] over GF(2)
Quantum Code Found: [[46, 44, 2]] over GF(2)
Quantum Code Found: [[46, 2, 7]] over GF(2)
Quantum Code Found: [[46, 2, 2]] over GF(2)
Quantum Code Found: [[46, 24, 2]] over GF(2)
Quantum Code Found: [[46, 2, 7]] over GF(2)
Quantum Code Found: [[46, 24, 2]] over GF(2)

Total time: 0.100 seconds, Total memory usage: 32.09MB
	Command being timed: "magma /home/nguyen7/QuantumCode/CyclicCode/Input/q2_n46.m"
	User time (seconds): 0.10
	System time (seconds): 0.00
	Percent of CPU this job got: 2%
	Elapsed (wall clock) time (h:mm:ss or m:ss): 0:03.87
	Average shared text size (kbytes): 0
	Average unshared data size (kbytes): 0
	Average stack size (kbytes): 0
	Average total size (kbytes): 0
	Maximum resident set size (kbytes): 21632
	Average resident set size (kbytes): 0
	Major (requiring I/O) page faults: 0
	Minor (reclaiming a frame) page faults: 2550
	Voluntary context switches: 5
	Involuntary context switches: 34
	Swaps: 0
	File system inputs: 0
	File system outputs: 8
	Socket messages sent: 0
	Socket messages received: 0
	Signals delivered: 0
	Page size (bytes): 4096
	Exit status: 0
