Magma V2.28-11    Sun May  4 2025 20:19:19 on kashi    [Seed = 2214341417]

+-------------------------------------------------------------------+
|       This copy of Magma has been made available through a        |
|                   generous initiative of the                      |
|                                                                   |
|                         Simons Foundation                         |
|                                                                   |
| covering U.S. Colleges, Universities, Nonprofit Research entities,|
|               and their students, faculty, and staff              |
+-------------------------------------------------------------------+

Type ? for help.  Type <Ctrl>-D to quit.

Loading file "/home/nguyen7/QuantumCode/CyclicCode/Input/q2_n54.m"
Quantum Code Found: [[54, 18, 2]] over GF(2)
Quantum Code Found: [[54, 42, 2]] over GF(2)
Quantum Code Found: [[54, 6, 2]] over GF(2)
Quantum Code Found: [[54, 50, 2]] over GF(2)
Quantum Code Found: [[54, 14, 2]] over GF(2)
Quantum Code Found: [[54, 38, 2]] over GF(2)
Quantum Code Found: [[54, 2, 2]] over GF(2)
Quantum Code Found: [[54, 52, 2]] over GF(2)
Quantum Code Found: [[54, 16, 2]] over GF(2)
Quantum Code Found: [[54, 40, 2]] over GF(2)
Quantum Code Found: [[54, 4, 2]] over GF(2)
Quantum Code Found: [[54, 48, 2]] over GF(2)
Quantum Code Found: [[54, 12, 2]] over GF(2)
Quantum Code Found: [[54, 36, 2]] over GF(2)
Quantum Code Found: [[54, 0, 2]] over GF(2)
Quantum Code Found: [[54, 0, 2]] over GF(2)
Quantum Code Found: [[54, 36, 2]] over GF(2)
Quantum Code Found: [[54, 12, 2]] over GF(2)
Quantum Code Found: [[54, 48, 2]] over GF(2)
Quantum Code Found: [[54, 4, 2]] over GF(2)
Quantum Code Found: [[54, 40, 2]] over GF(2)
Quantum Code Found: [[54, 16, 2]] over GF(2)
Quantum Code Found: [[54, 52, 2]] over GF(2)
Quantum Code Found: [[54, 2, 2]] over GF(2)
Quantum Code Found: [[54, 38, 2]] over GF(2)
Quantum Code Found: [[54, 14, 2]] over GF(2)
Quantum Code Found: [[54, 50, 2]] over GF(2)
Quantum Code Found: [[54, 6, 2]] over GF(2)
Quantum Code Found: [[54, 42, 2]] over GF(2)
Quantum Code Found: [[54, 18, 2]] over GF(2)

Total time: 0.210 seconds, Total memory usage: 32.09MB
	Command being timed: "magma /home/nguyen7/QuantumCode/CyclicCode/Input/q2_n54.m"
	User time (seconds): 0.21
	System time (seconds): 0.00
	Percent of CPU this job got: 3%
	Elapsed (wall clock) time (h:mm:ss or m:ss): 0:06.57
	Average shared text size (kbytes): 0
	Average unshared data size (kbytes): 0
	Average stack size (kbytes): 0
	Average total size (kbytes): 0
	Maximum resident set size (kbytes): 21632
	Average resident set size (kbytes): 0
	Major (requiring I/O) page faults: 0
	Minor (reclaiming a frame) page faults: 2575
	Voluntary context switches: 5
	Involuntary context switches: 60
	Swaps: 0
	File system inputs: 0
	File system outputs: 8
	Socket messages sent: 0
	Socket messages received: 0
	Signals delivered: 0
	Page size (bytes): 4096
	Exit status: 0
