Magma V2.28-11    Sun May  4 2025 20:19:19 on kashi    [Seed = 2164205610]

+-------------------------------------------------------------------+
|       This copy of Magma has been made available through a        |
|                   generous initiative of the                      |
|                                                                   |
|                         Simons Foundation                         |
|                                                                   |
| covering U.S. Colleges, Universities, Nonprofit Research entities,|
|               and their students, faculty, and staff              |
+-------------------------------------------------------------------+

Type ? for help.  Type <Ctrl>-D to quit.

Loading file "/home/nguyen7/QuantumCode/CyclicCode/Input/q3_n42.m"
Quantum Code Found: [[42, 30, 2]] over GF(3)
Quantum Code Found: [[42, 30, 2]] over GF(3)
Quantum Code Found: [[42, 18, 2]] over GF(3)
Quantum Code Found: [[42, 40, 2]] over GF(3)
Quantum Code Found: [[42, 28, 2]] over GF(3)
Quantum Code Found: [[42, 28, 2]] over GF(3)
Quantum Code Found: [[42, 16, 2]] over GF(3)
Quantum Code Found: [[42, 40, 2]] over GF(3)
Quantum Code Found: [[42, 28, 2]] over GF(3)
Quantum Code Found: [[42, 28, 2]] over GF(3)
Quantum Code Found: [[42, 16, 2]] over GF(3)
Quantum Code Found: [[42, 38, 2]] over GF(3)
Quantum Code Found: [[42, 26, 2]] over GF(3)
Quantum Code Found: [[42, 26, 2]] over GF(3)
Quantum Code Found: [[42, 14, 2]] over GF(3)
Quantum Code Found: [[42, 14, 2]] over GF(3)
Quantum Code Found: [[42, 26, 2]] over GF(3)
Quantum Code Found: [[42, 26, 2]] over GF(3)
Quantum Code Found: [[42, 38, 2]] over GF(3)
Quantum Code Found: [[42, 16, 2]] over GF(3)
Quantum Code Found: [[42, 28, 2]] over GF(3)
Quantum Code Found: [[42, 28, 2]] over GF(3)
Quantum Code Found: [[42, 40, 2]] over GF(3)
Quantum Code Found: [[42, 16, 2]] over GF(3)
Quantum Code Found: [[42, 28, 2]] over GF(3)
Quantum Code Found: [[42, 28, 2]] over GF(3)
Quantum Code Found: [[42, 40, 2]] over GF(3)
Quantum Code Found: [[42, 18, 2]] over GF(3)
Quantum Code Found: [[42, 30, 2]] over GF(3)
Quantum Code Found: [[42, 30, 2]] over GF(3)

Total time: 0.210 seconds, Total memory usage: 32.09MB
	Command being timed: "magma /home/nguyen7/QuantumCode/CyclicCode/Input/q3_n42.m"
	User time (seconds): 0.21
	System time (seconds): 0.00
	Percent of CPU this job got: 3%
	Elapsed (wall clock) time (h:mm:ss or m:ss): 0:06.09
	Average shared text size (kbytes): 0
	Average unshared data size (kbytes): 0
	Average stack size (kbytes): 0
	Average total size (kbytes): 0
	Maximum resident set size (kbytes): 21888
	Average resident set size (kbytes): 0
	Major (requiring I/O) page faults: 0
	Minor (reclaiming a frame) page faults: 2584
	Voluntary context switches: 5
	Involuntary context switches: 69
	Swaps: 0
	File system inputs: 0
	File system outputs: 8
	Socket messages sent: 0
	Socket messages received: 0
	Signals delivered: 0
	Page size (bytes): 4096
	Exit status: 0
