Magma V2.28-11    Sun May  4 2025 20:19:19 on kashi    [Seed = 3785247050]

+-------------------------------------------------------------------+
|       This copy of Magma has been made available through a        |
|                   generous initiative of the                      |
|                                                                   |
|                         Simons Foundation                         |
|                                                                   |
| covering U.S. Colleges, Universities, Nonprofit Research entities,|
|               and their students, faculty, and staff              |
+-------------------------------------------------------------------+

Type ? for help.  Type <Ctrl>-D to quit.

Loading file "/home/nguyen7/QuantumCode/CyclicCode/Input/q3_n78.m"
Quantum Code Found: [[78, 72, 2]] over GF(3)
Quantum Code Found: [[78, 66, 2]] over GF(3)
Quantum Code Found: [[78, 60, 2]] over GF(3)
Quantum Code Found: [[78, 72, 2]] over GF(3)
Quantum Code Found: [[78, 66, 2]] over GF(3)
Quantum Code Found: [[78, 60, 3]] over GF(3)
Quantum Code Found: [[78, 54, 4]] over GF(3)
Quantum Code Found: [[78, 66, 2]] over GF(3)
Quantum Code Found: [[78, 60, 3]] over GF(3)
Quantum Code Found: [[78, 54, 3]] over GF(3)
Quantum Code Found: [[78, 48, 4]] over GF(3)
Quantum Code Found: [[78, 60, 2]] over GF(3)
Quantum Code Found: [[78, 54, 4]] over GF(3)
Quantum Code Found: [[78, 48, 4]] over GF(3)
Quantum Code Found: [[78, 42, 4]] over GF(3)
Quantum Code Found: [[78, 72, 2]] over GF(3)
Quantum Code Found: [[78, 66, 2]] over GF(3)
Quantum Code Found: [[78, 60, 3]] over GF(3)
Quantum Code Found: [[78, 54, 4]] over GF(3)
Quantum Code Found: [[78, 66, 2]] over GF(3)
Quantum Code Found: [[78, 60, 2]] over GF(3)
Quantum Code Found: [[78, 54, 3]] over GF(3)
Quantum Code Found: [[78, 48, 4]] over GF(3)
Quantum Code Found: [[78, 60, 2]] over GF(3)
Quantum Code Found: [[78, 54, 3]] over GF(3)
Quantum Code Found: [[78, 48, 3]] over GF(3)
Quantum Code Found: [[78, 42, 4]] over GF(3)
Quantum Code Found: [[78, 54, 2]] over GF(3)
Quantum Code Found: [[78, 48, 4]] over GF(3)
Quantum Code Found: [[78, 42, 4]] over GF(3)
Quantum Code Found: [[78, 36, 4]] over GF(3)
Quantum Code Found: [[78, 66, 2]] over GF(3)
Quantum Code Found: [[78, 60, 3]] over GF(3)
Quantum Code Found: [[78, 54, 3]] over GF(3)
Quantum Code Found: [[78, 48, 4]] over GF(3)
Quantum Code Found: [[78, 60, 2]] over GF(3)
Quantum Code Found: [[78, 54, 3]] over GF(3)
Quantum Code Found: [[78, 48, 3]] over GF(3)
Quantum Code Found: [[78, 42, 4]] over GF(3)
Quantum Code Found: [[78, 54, 2]] over GF(3)
Quantum Code Found: [[78, 48, 3]] over GF(3)
Quantum Code Found: [[78, 42, 3]] over GF(3)
Quantum Code Found: [[78, 36, 4]] over GF(3)
Quantum Code Found: [[78, 48, 2]] over GF(3)
Quantum Code Found: [[78, 42, 4]] over GF(3)
Quantum Code Found: [[78, 36, 4]] over GF(3)
Quantum Code Found: [[78, 30, 4]] over GF(3)
Quantum Code Found: [[78, 60, 2]] over GF(3)
Quantum Code Found: [[78, 54, 4]] over GF(3)
Quantum Code Found: [[78, 48, 4]] over GF(3)
Quantum Code Found: [[78, 42, 4]] over GF(3)
Quantum Code Found: [[78, 54, 2]] over GF(3)
Quantum Code Found: [[78, 48, 4]] over GF(3)
Quantum Code Found: [[78, 42, 4]] over GF(3)
Quantum Code Found: [[78, 36, 4]] over GF(3)
Quantum Code Found: [[78, 48, 2]] over GF(3)
Quantum Code Found: [[78, 42, 4]] over GF(3)
Quantum Code Found: [[78, 36, 4]] over GF(3)
Quantum Code Found: [[78, 30, 4]] over GF(3)
Quantum Code Found: [[78, 42, 2]] over GF(3)
Quantum Code Found: [[78, 36, 4]] over GF(3)
Quantum Code Found: [[78, 30, 4]] over GF(3)
Quantum Code Found: [[78, 24, 4]] over GF(3)
Quantum Code Found: [[78, 72, 2]] over GF(3)
Quantum Code Found: [[78, 66, 2]] over GF(3)
Quantum Code Found: [[78, 60, 3]] over GF(3)
Quantum Code Found: [[78, 54, 3]] over GF(3)
Quantum Code Found: [[78, 66, 2]] over GF(3)
Quantum Code Found: [[78, 60, 2]] over GF(3)
Quantum Code Found: [[78, 54, 3]] over GF(3)
Quantum Code Found: [[78, 48, 4]] over GF(3)
Quantum Code Found: [[78, 60, 2]] over GF(3)
Quantum Code Found: [[78, 54, 3]] over GF(3)
Quantum Code Found: [[78, 48, 3]] over GF(3)
Quantum Code Found: [[78, 42, 5]] over GF(3)
Quantum Code Found: [[78, 66, 2]] over GF(3)
Quantum Code Found: [[78, 60, 2]] over GF(3)
Quantum Code Found: [[78, 54, 3]] over GF(3)
Quantum Code Found: [[78, 48, 4]] over GF(3)
Quantum Code Found: [[78, 60, 2]] over GF(3)
Quantum Code Found: [[78, 54, 2]] over GF(3)
Quantum Code Found: [[78, 48, 3]] over GF(3)
Quantum Code Found: [[78, 42, 4]] over GF(3)
Quantum Code Found: [[78, 54, 2]] over GF(3)
Quantum Code Found: [[78, 48, 3]] over GF(3)
Quantum Code Found: [[78, 42, 3]] over GF(3)
