Magma V2.28-11    Sun May  4 2025 20:19:19 on kashi    [Seed = 1378745081]

+-------------------------------------------------------------------+
|       This copy of Magma has been made available through a        |
|                   generous initiative of the                      |
|                                                                   |
|                         Simons Foundation                         |
|                                                                   |
| covering U.S. Colleges, Universities, Nonprofit Research entities,|
|               and their students, faculty, and staff              |
+-------------------------------------------------------------------+

Type ? for help.  Type <Ctrl>-D to quit.

Loading file "/home/nguyen7/QuantumCode/CyclicCode/Input/q3_n64.m"
Quantum Code Found: [[64, 32, 2]] over GF(3)
Quantum Code Found: [[64, 32, 2]] over GF(3)
Quantum Code Found: [[64, 48, 2]] over GF(3)
Quantum Code Found: [[64, 16, 4]] over GF(3)
Quantum Code Found: [[64, 16, 4]] over GF(3)
Quantum Code Found: [[64, 48, 2]] over GF(3)
Quantum Code Found: [[64, 16, 4]] over GF(3)
Quantum Code Found: [[64, 16, 4]] over GF(3)
Quantum Code Found: [[64, 56, 2]] over GF(3)
Quantum Code Found: [[64, 24, 3]] over GF(3)
Quantum Code Found: [[64, 24, 3]] over GF(3)
Quantum Code Found: [[64, 40, 2]] over GF(3)
Quantum Code Found: [[64, 8, 5]] over GF(3)
Quantum Code Found: [[64, 8, 5]] over GF(3)
Quantum Code Found: [[64, 40, 2]] over GF(3)
Quantum Code Found: [[64, 8, 5]] over GF(3)
Quantum Code Found: [[64, 8, 5]] over GF(3)
Quantum Code Found: [[64, 56, 2]] over GF(3)
Quantum Code Found: [[64, 24, 3]] over GF(3)
Quantum Code Found: [[64, 24, 3]] over GF(3)
Quantum Code Found: [[64, 40, 2]] over GF(3)
Quantum Code Found: [[64, 8, 5]] over GF(3)
Quantum Code Found: [[64, 8, 5]] over GF(3)
Quantum Code Found: [[64, 40, 2]] over GF(3)
Quantum Code Found: [[64, 8, 5]] over GF(3)
Quantum Code Found: [[64, 8, 5]] over GF(3)
Quantum Code Found: [[64, 60, 2]] over GF(3)
Quantum Code Found: [[64, 28, 3]] over GF(3)
Quantum Code Found: [[64, 28, 3]] over GF(3)
Quantum Code Found: [[64, 44, 2]] over GF(3)
Quantum Code Found: [[64, 12, 5]] over GF(3)
Quantum Code Found: [[64, 12, 5]] over GF(3)
Quantum Code Found: [[64, 44, 2]] over GF(3)
Quantum Code Found: [[64, 12, 5]] over GF(3)
Quantum Code Found: [[64, 12, 5]] over GF(3)
Quantum Code Found: [[64, 52, 2]] over GF(3)
Quantum Code Found: [[64, 20, 4]] over GF(3)
Quantum Code Found: [[64, 20, 4]] over GF(3)
Quantum Code Found: [[64, 36, 2]] over GF(3)
