Magma V2.28-11    Sun May  4 2025 20:19:19 on kashi    [Seed = 3300617327]

+-------------------------------------------------------------------+
|       This copy of Magma has been made available through a        |
|                   generous initiative of the                      |
|                                                                   |
|                         Simons Foundation                         |
|                                                                   |
| covering U.S. Colleges, Universities, Nonprofit Research entities,|
|               and their students, faculty, and staff              |
+-------------------------------------------------------------------+

Type ? for help.  Type <Ctrl>-D to quit.

Loading file "/home/nguyen7/QuantumCode/CyclicCode/Input/q4_n70.m"
Quantum Code Found: [[70, 58, 2]] over GF(4)
Quantum Code Found: [[70, 46, 3]] over GF(4)
Quantum Code Found: [[70, 58, 2]] over GF(4)
Quantum Code Found: [[70, 46, 2]] over GF(4)
Quantum Code Found: [[70, 34, 3]] over GF(4)
Quantum Code Found: [[70, 46, 3]] over GF(4)
Quantum Code Found: [[70, 34, 3]] over GF(4)
Quantum Code Found: [[70, 22, 3]] over GF(4)
Quantum Code Found: [[70, 58, 2]] over GF(4)
Quantum Code Found: [[70, 46, 2]] over GF(4)
Quantum Code Found: [[70, 34, 5]] over GF(4)
Quantum Code Found: [[70, 46, 2]] over GF(4)
Quantum Code Found: [[70, 34, 2]] over GF(4)
