Magma V2.28-11    Sun May  4 2025 20:19:19 on kashi    [Seed = 877370496]

+-------------------------------------------------------------------+
|       This copy of Magma has been made available through a        |
|                   generous initiative of the                      |
|                                                                   |
|                         Simons Foundation                         |
|                                                                   |
| covering U.S. Colleges, Universities, Nonprofit Research entities,|
|               and their students, faculty, and staff              |
+-------------------------------------------------------------------+

Type ? for help.  Type <Ctrl>-D to quit.

Loading file "/home/nguyen7/QuantumCode/CyclicCode/Input/q5_n76.m"
Quantum Code Found: [[76, 58, 2]] over GF(5)
Quantum Code Found: [[76, 58, 2]] over GF(5)
Quantum Code Found: [[76, 40, 3]] over GF(5)
Quantum Code Found: [[76, 58, 2]] over GF(5)
Quantum Code Found: [[76, 40, 3]] over GF(5)
Quantum Code Found: [[76, 40, 2]] over GF(5)
Quantum Code Found: [[76, 22, 4]] over GF(5)
Quantum Code Found: [[76, 58, 2]] over GF(5)
Quantum Code Found: [[76, 40, 2]] over GF(5)
Quantum Code Found: [[76, 40, 3]] over GF(5)
Quantum Code Found: [[76, 22, 4]] over GF(5)
Quantum Code Found: [[76, 40, 3]] over GF(5)
Quantum Code Found: [[76, 22, 4]] over GF(5)
Quantum Code Found: [[76, 22, 4]] over GF(5)
