Magma V2.28-11    Sun May  4 2025 20:19:19 on kashi    [Seed = 3985786201]

+-------------------------------------------------------------------+
|       This copy of Magma has been made available through a        |
|                   generous initiative of the                      |
|                                                                   |
|                         Simons Foundation                         |
|                                                                   |
| covering U.S. Colleges, Universities, Nonprofit Research entities,|
|               and their students, faculty, and staff              |
+-------------------------------------------------------------------+

Type ? for help.  Type <Ctrl>-D to quit.

Loading file "/home/nguyen7/QuantumCode/CyclicCode/Input/q7_n70.m"
Quantum Code Found: [[70, 62, 2]] over GF(7)
Quantum Code Found: [[70, 54, 2]] over GF(7)
Quantum Code Found: [[70, 46, 2]] over GF(7)
Quantum Code Found: [[70, 62, 2]] over GF(7)
Quantum Code Found: [[70, 54, 2]] over GF(7)
Quantum Code Found: [[70, 46, 3]] over GF(7)
Quantum Code Found: [[70, 38, 4]] over GF(7)
Quantum Code Found: [[70, 54, 2]] over GF(7)
Quantum Code Found: [[70, 46, 3]] over GF(7)
Quantum Code Found: [[70, 38, 3]] over GF(7)
