Magma V2.28-11    Sun May  4 2025 20:19:19 on kashi    [Seed = 3618144099]

+-------------------------------------------------------------------+
|       This copy of Magma has been made available through a        |
|                   generous initiative of the                      |
|                                                                   |
|                         Simons Foundation                         |
|                                                                   |
| covering U.S. Colleges, Universities, Nonprofit Research entities,|
|               and their students, faculty, and staff              |
+-------------------------------------------------------------------+

Type ? for help.  Type <Ctrl>-D to quit.

Loading file "/home/nguyen7/QuantumCode/CyclicCode/Input/q8_n40.m"
Quantum Code Found: [[40, 32, 2]] over GF(8)
Quantum Code Found: [[40, 24, 2]] over GF(8)
Quantum Code Found: [[40, 16, 2]] over GF(8)
Quantum Code Found: [[40, 8, 2]] over GF(8)
Quantum Code Found: [[40, 38, 2]] over GF(8)
Quantum Code Found: [[40, 30, 2]] over GF(8)
Quantum Code Found: [[40, 22, 2]] over GF(8)
Quantum Code Found: [[40, 14, 2]] over GF(8)
Quantum Code Found: [[40, 6, 2]] over GF(8)
Quantum Code Found: [[40, 36, 2]] over GF(8)
Quantum Code Found: [[40, 28, 2]] over GF(8)
Quantum Code Found: [[40, 20, 2]] over GF(8)
Quantum Code Found: [[40, 12, 2]] over GF(8)
Quantum Code Found: [[40, 4, 2]] over GF(8)
Quantum Code Found: [[40, 34, 2]] over GF(8)
Quantum Code Found: [[40, 26, 2]] over GF(8)
Quantum Code Found: [[40, 18, 2]] over GF(8)
Quantum Code Found: [[40, 10, 2]] over GF(8)
Quantum Code Found: [[40, 2, 2]] over GF(8)
Quantum Code Found: [[40, 32, 2]] over GF(8)
Quantum Code Found: [[40, 24, 2]] over GF(8)
Quantum Code Found: [[40, 16, 2]] over GF(8)
Quantum Code Found: [[40, 8, 2]] over GF(8)
Quantum Code Found: [[40, 0, 2]] over GF(8)
Quantum Code Found: [[40, 0, 2]] over GF(8)
Quantum Code Found: [[40, 8, 2]] over GF(8)
Quantum Code Found: [[40, 16, 2]] over GF(8)
Quantum Code Found: [[40, 24, 2]] over GF(8)
Quantum Code Found: [[40, 32, 2]] over GF(8)
Quantum Code Found: [[40, 2, 2]] over GF(8)
Quantum Code Found: [[40, 10, 2]] over GF(8)
Quantum Code Found: [[40, 18, 2]] over GF(8)
Quantum Code Found: [[40, 26, 2]] over GF(8)
Quantum Code Found: [[40, 34, 2]] over GF(8)
Quantum Code Found: [[40, 4, 2]] over GF(8)
Quantum Code Found: [[40, 12, 2]] over GF(8)
Quantum Code Found: [[40, 20, 2]] over GF(8)
Quantum Code Found: [[40, 28, 2]] over GF(8)
Quantum Code Found: [[40, 36, 2]] over GF(8)
Quantum Code Found: [[40, 6, 2]] over GF(8)
Quantum Code Found: [[40, 14, 2]] over GF(8)
Quantum Code Found: [[40, 22, 2]] over GF(8)
Quantum Code Found: [[40, 30, 2]] over GF(8)
Quantum Code Found: [[40, 38, 2]] over GF(8)
Quantum Code Found: [[40, 8, 2]] over GF(8)
Quantum Code Found: [[40, 16, 2]] over GF(8)
Quantum Code Found: [[40, 24, 2]] over GF(8)
Quantum Code Found: [[40, 32, 2]] over GF(8)

Total time: 1.520 seconds, Total memory usage: 32.09MB
	Command being timed: "magma /home/nguyen7/QuantumCode/CyclicCode/Input/q8_n40.m"
	User time (seconds): 1.52
	System time (seconds): 0.00
	Percent of CPU this job got: 4%
	Elapsed (wall clock) time (h:mm:ss or m:ss): 0:36.13
	Average shared text size (kbytes): 0
	Average unshared data size (kbytes): 0
	Average stack size (kbytes): 0
	Average total size (kbytes): 0
	Maximum resident set size (kbytes): 22912
	Average resident set size (kbytes): 0
	Major (requiring I/O) page faults: 1
	Minor (reclaiming a frame) page faults: 2767
	Voluntary context switches: 6
	Involuntary context switches: 422
	Swaps: 0
	File system inputs: 0
	File system outputs: 16
	Socket messages sent: 0
	Socket messages received: 0
	Signals delivered: 0
	Page size (bytes): 4096
	Exit status: 0
