Magma V2.28-11    Sun May  4 2025 20:19:19 on kashi    [Seed = 3267193462]

+-------------------------------------------------------------------+
|       This copy of Magma has been made available through a        |
|                   generous initiative of the                      |
|                                                                   |
|                         Simons Foundation                         |
|                                                                   |
| covering U.S. Colleges, Universities, Nonprofit Research entities,|
|               and their students, faculty, and staff              |
+-------------------------------------------------------------------+

Type ? for help.  Type <Ctrl>-D to quit.

Loading file "/home/nguyen7/QuantumCode/CyclicCode/Input/q8_n54.m"
Quantum Code Found: [[54, 42, 2]] over GF(8)
Quantum Code Found: [[54, 42, 2]] over GF(8)
Quantum Code Found: [[54, 30, 2]] over GF(8)
Quantum Code Found: [[54, 42, 2]] over GF(8)
Quantum Code Found: [[54, 30, 2]] over GF(8)
Quantum Code Found: [[54, 30, 2]] over GF(8)
Quantum Code Found: [[54, 18, 2]] over GF(8)
Quantum Code Found: [[54, 50, 2]] over GF(8)
Quantum Code Found: [[54, 38, 2]] over GF(8)
Quantum Code Found: [[54, 38, 2]] over GF(8)
Quantum Code Found: [[54, 26, 2]] over GF(8)
Quantum Code Found: [[54, 38, 2]] over GF(8)
Quantum Code Found: [[54, 26, 2]] over GF(8)
Quantum Code Found: [[54, 26, 2]] over GF(8)
Quantum Code Found: [[54, 14, 2]] over GF(8)
Quantum Code Found: [[54, 50, 2]] over GF(8)
Quantum Code Found: [[54, 38, 2]] over GF(8)
Quantum Code Found: [[54, 38, 2]] over GF(8)
Quantum Code Found: [[54, 26, 2]] over GF(8)
Quantum Code Found: [[54, 38, 2]] over GF(8)
Quantum Code Found: [[54, 26, 2]] over GF(8)
Quantum Code Found: [[54, 26, 2]] over GF(8)
Quantum Code Found: [[54, 14, 2]] over GF(8)
Quantum Code Found: [[54, 46, 2]] over GF(8)
Quantum Code Found: [[54, 34, 2]] over GF(8)
Quantum Code Found: [[54, 34, 2]] over GF(8)
Quantum Code Found: [[54, 22, 2]] over GF(8)
Quantum Code Found: [[54, 34, 2]] over GF(8)
Quantum Code Found: [[54, 22, 2]] over GF(8)
Quantum Code Found: [[54, 22, 2]] over GF(8)
Quantum Code Found: [[54, 10, 2]] over GF(8)
Quantum Code Found: [[54, 50, 2]] over GF(8)
Quantum Code Found: [[54, 38, 2]] over GF(8)
Quantum Code Found: [[54, 38, 2]] over GF(8)
Quantum Code Found: [[54, 26, 2]] over GF(8)
Quantum Code Found: [[54, 38, 2]] over GF(8)
Quantum Code Found: [[54, 26, 2]] over GF(8)
Quantum Code Found: [[54, 26, 2]] over GF(8)
Quantum Code Found: [[54, 14, 2]] over GF(8)
Quantum Code Found: [[54, 46, 2]] over GF(8)
Quantum Code Found: [[54, 34, 2]] over GF(8)
Quantum Code Found: [[54, 34, 2]] over GF(8)
Quantum Code Found: [[54, 22, 2]] over GF(8)
Quantum Code Found: [[54, 34, 2]] over GF(8)
Quantum Code Found: [[54, 22, 2]] over GF(8)
Quantum Code Found: [[54, 22, 2]] over GF(8)
Quantum Code Found: [[54, 10, 2]] over GF(8)
Quantum Code Found: [[54, 46, 2]] over GF(8)
Quantum Code Found: [[54, 34, 2]] over GF(8)
Quantum Code Found: [[54, 34, 2]] over GF(8)
Quantum Code Found: [[54, 22, 2]] over GF(8)
Quantum Code Found: [[54, 34, 2]] over GF(8)
Quantum Code Found: [[54, 22, 2]] over GF(8)
Quantum Code Found: [[54, 22, 2]] over GF(8)
Quantum Code Found: [[54, 10, 2]] over GF(8)
Quantum Code Found: [[54, 42, 2]] over GF(8)
Quantum Code Found: [[54, 30, 2]] over GF(8)
Quantum Code Found: [[54, 30, 2]] over GF(8)
Quantum Code Found: [[54, 18, 2]] over GF(8)
Quantum Code Found: [[54, 30, 2]] over GF(8)
Quantum Code Found: [[54, 18, 2]] over GF(8)
Quantum Code Found: [[54, 18, 2]] over GF(8)
Quantum Code Found: [[54, 6, 2]] over GF(8)
Quantum Code Found: [[54, 50, 2]] over GF(8)
Quantum Code Found: [[54, 38, 2]] over GF(8)
Quantum Code Found: [[54, 38, 2]] over GF(8)
Quantum Code Found: [[54, 26, 2]] over GF(8)
Quantum Code Found: [[54, 38, 2]] over GF(8)
Quantum Code Found: [[54, 26, 2]] over GF(8)
Quantum Code Found: [[54, 26, 2]] over GF(8)
Quantum Code Found: [[54, 14, 2]] over GF(8)
Quantum Code Found: [[54, 46, 2]] over GF(8)
Quantum Code Found: [[54, 34, 2]] over GF(8)
Quantum Code Found: [[54, 34, 2]] over GF(8)
Quantum Code Found: [[54, 22, 2]] over GF(8)
Quantum Code Found: [[54, 34, 2]] over GF(8)
Quantum Code Found: [[54, 22, 2]] over GF(8)
Quantum Code Found: [[54, 22, 2]] over GF(8)
Quantum Code Found: [[54, 10, 2]] over GF(8)
Quantum Code Found: [[54, 46, 2]] over GF(8)
Quantum Code Found: [[54, 34, 2]] over GF(8)
Quantum Code Found: [[54, 34, 2]] over GF(8)
Quantum Code Found: [[54, 22, 2]] over GF(8)
Quantum Code Found: [[54, 34, 2]] over GF(8)
Quantum Code Found: [[54, 22, 2]] over GF(8)
Quantum Code Found: [[54, 22, 2]] over GF(8)
Quantum Code Found: [[54, 10, 2]] over GF(8)
Quantum Code Found: [[54, 42, 2]] over GF(8)
Quantum Code Found: [[54, 30, 2]] over GF(8)
Quantum Code Found: [[54, 30, 2]] over GF(8)
Quantum Code Found: [[54, 18, 2]] over GF(8)
Quantum Code Found: [[54, 30, 2]] over GF(8)
Quantum Code Found: [[54, 18, 2]] over GF(8)
Quantum Code Found: [[54, 18, 2]] over GF(8)
Quantum Code Found: [[54, 6, 2]] over GF(8)
Quantum Code Found: [[54, 46, 2]] over GF(8)
Quantum Code Found: [[54, 34, 2]] over GF(8)
Quantum Code Found: [[54, 34, 2]] over GF(8)
Quantum Code Found: [[54, 22, 2]] over GF(8)
Quantum Code Found: [[54, 34, 2]] over GF(8)
Quantum Code Found: [[54, 22, 2]] over GF(8)
Quantum Code Found: [[54, 22, 2]] over GF(8)
Quantum Code Found: [[54, 10, 2]] over GF(8)
Quantum Code Found: [[54, 42, 2]] over GF(8)
Quantum Code Found: [[54, 30, 2]] over GF(8)
Quantum Code Found: [[54, 30, 2]] over GF(8)
Quantum Code Found: [[54, 18, 2]] over GF(8)
Quantum Code Found: [[54, 30, 2]] over GF(8)
Quantum Code Found: [[54, 18, 2]] over GF(8)
Quantum Code Found: [[54, 18, 2]] over GF(8)
Quantum Code Found: [[54, 6, 2]] over GF(8)
Quantum Code Found: [[54, 42, 2]] over GF(8)
Quantum Code Found: [[54, 30, 2]] over GF(8)
Quantum Code Found: [[54, 30, 2]] over GF(8)
Quantum Code Found: [[54, 18, 2]] over GF(8)
Quantum Code Found: [[54, 30, 2]] over GF(8)
Quantum Code Found: [[54, 18, 2]] over GF(8)
Quantum Code Found: [[54, 18, 2]] over GF(8)
Quantum Code Found: [[54, 6, 2]] over GF(8)
Quantum Code Found: [[54, 38, 2]] over GF(8)
Quantum Code Found: [[54, 26, 2]] over GF(8)
Quantum Code Found: [[54, 26, 2]] over GF(8)
Quantum Code Found: [[54, 14, 2]] over GF(8)
Quantum Code Found: [[54, 26, 2]] over GF(8)
Quantum Code Found: [[54, 14, 2]] over GF(8)
Quantum Code Found: [[54, 14, 2]] over GF(8)
Quantum Code Found: [[54, 2, 2]] over GF(8)
Quantum Code Found: [[54, 52, 2]] over GF(8)
Quantum Code Found: [[54, 40, 2]] over GF(8)
Quantum Code Found: [[54, 40, 2]] over GF(8)
Quantum Code Found: [[54, 28, 2]] over GF(8)
Quantum Code Found: [[54, 40, 2]] over GF(8)
Quantum Code Found: [[54, 28, 2]] over GF(8)
Quantum Code Found: [[54, 28, 2]] over GF(8)
Quantum Code Found: [[54, 16, 2]] over GF(8)
Quantum Code Found: [[54, 48, 2]] over GF(8)
Quantum Code Found: [[54, 36, 2]] over GF(8)
Quantum Code Found: [[54, 36, 2]] over GF(8)
Quantum Code Found: [[54, 24, 2]] over GF(8)
Quantum Code Found: [[54, 36, 2]] over GF(8)
Quantum Code Found: [[54, 24, 2]] over GF(8)
Quantum Code Found: [[54, 24, 2]] over GF(8)
Quantum Code Found: [[54, 12, 2]] over GF(8)
Quantum Code Found: [[54, 48, 2]] over GF(8)
Quantum Code Found: [[54, 36, 2]] over GF(8)
Quantum Code Found: [[54, 36, 2]] over GF(8)
Quantum Code Found: [[54, 24, 2]] over GF(8)
Quantum Code Found: [[54, 36, 2]] over GF(8)
Quantum Code Found: [[54, 24, 2]] over GF(8)
Quantum Code Found: [[54, 24, 2]] over GF(8)
Quantum Code Found: [[54, 12, 2]] over GF(8)
Quantum Code Found: [[54, 44, 2]] over GF(8)
Quantum Code Found: [[54, 32, 2]] over GF(8)
Quantum Code Found: [[54, 32, 2]] over GF(8)
Quantum Code Found: [[54, 20, 2]] over GF(8)
Quantum Code Found: [[54, 32, 2]] over GF(8)
Quantum Code Found: [[54, 20, 2]] over GF(8)
Quantum Code Found: [[54, 20, 2]] over GF(8)
Quantum Code Found: [[54, 8, 2]] over GF(8)
Quantum Code Found: [[54, 48, 2]] over GF(8)
Quantum Code Found: [[54, 36, 2]] over GF(8)
Quantum Code Found: [[54, 36, 2]] over GF(8)
Quantum Code Found: [[54, 24, 2]] over GF(8)
Quantum Code Found: [[54, 36, 2]] over GF(8)
Quantum Code Found: [[54, 24, 2]] over GF(8)
Quantum Code Found: [[54, 24, 2]] over GF(8)
Quantum Code Found: [[54, 12, 2]] over GF(8)
Quantum Code Found: [[54, 44, 2]] over GF(8)
Quantum Code Found: [[54, 32, 2]] over GF(8)
Quantum Code Found: [[54, 32, 2]] over GF(8)
Quantum Code Found: [[54, 20, 2]] over GF(8)
Quantum Code Found: [[54, 32, 2]] over GF(8)
Quantum Code Found: [[54, 20, 2]] over GF(8)
Quantum Code Found: [[54, 20, 2]] over GF(8)
Quantum Code Found: [[54, 8, 2]] over GF(8)
Quantum Code Found: [[54, 44, 2]] over GF(8)
Quantum Code Found: [[54, 32, 2]] over GF(8)
Quantum Code Found: [[54, 32, 2]] over GF(8)
Quantum Code Found: [[54, 20, 2]] over GF(8)
Quantum Code Found: [[54, 32, 2]] over GF(8)
Quantum Code Found: [[54, 20, 2]] over GF(8)
Quantum Code Found: [[54, 20, 2]] over GF(8)
Quantum Code Found: [[54, 8, 2]] over GF(8)
Quantum Code Found: [[54, 40, 2]] over GF(8)
Quantum Code Found: [[54, 28, 2]] over GF(8)
Quantum Code Found: [[54, 28, 2]] over GF(8)
Quantum Code Found: [[54, 16, 2]] over GF(8)
Quantum Code Found: [[54, 28, 2]] over GF(8)
Quantum Code Found: [[54, 16, 2]] over GF(8)
Quantum Code Found: [[54, 16, 2]] over GF(8)
Quantum Code Found: [[54, 4, 2]] over GF(8)
Quantum Code Found: [[54, 48, 2]] over GF(8)
Quantum Code Found: [[54, 36, 2]] over GF(8)
Quantum Code Found: [[54, 36, 2]] over GF(8)
Quantum Code Found: [[54, 24, 2]] over GF(8)
Quantum Code Found: [[54, 36, 2]] over GF(8)
Quantum Code Found: [[54, 24, 2]] over GF(8)
Quantum Code Found: [[54, 24, 2]] over GF(8)
Quantum Code Found: [[54, 12, 2]] over GF(8)
Quantum Code Found: [[54, 44, 2]] over GF(8)
Quantum Code Found: [[54, 32, 2]] over GF(8)
Quantum Code Found: [[54, 32, 2]] over GF(8)
Quantum Code Found: [[54, 20, 2]] over GF(8)
Quantum Code Found: [[54, 32, 2]] over GF(8)
Quantum Code Found: [[54, 20, 2]] over GF(8)
Quantum Code Found: [[54, 20, 2]] over GF(8)
Quantum Code Found: [[54, 8, 2]] over GF(8)
Quantum Code Found: [[54, 44, 2]] over GF(8)
Quantum Code Found: [[54, 32, 2]] over GF(8)
Quantum Code Found: [[54, 32, 2]] over GF(8)
Quantum Code Found: [[54, 20, 2]] over GF(8)
Quantum Code Found: [[54, 32, 2]] over GF(8)
Quantum Code Found: [[54, 20, 2]] over GF(8)
Quantum Code Found: [[54, 20, 2]] over GF(8)
Quantum Code Found: [[54, 8, 2]] over GF(8)
Quantum Code Found: [[54, 40, 2]] over GF(8)
Quantum Code Found: [[54, 28, 2]] over GF(8)
Quantum Code Found: [[54, 28, 2]] over GF(8)
Quantum Code Found: [[54, 16, 2]] over GF(8)
Quantum Code Found: [[54, 28, 2]] over GF(8)
Quantum Code Found: [[54, 16, 2]] over GF(8)
Quantum Code Found: [[54, 16, 2]] over GF(8)
Quantum Code Found: [[54, 4, 2]] over GF(8)
Quantum Code Found: [[54, 44, 2]] over GF(8)
Quantum Code Found: [[54, 32, 2]] over GF(8)
Quantum Code Found: [[54, 32, 2]] over GF(8)
Quantum Code Found: [[54, 20, 2]] over GF(8)
Quantum Code Found: [[54, 32, 2]] over GF(8)
Quantum Code Found: [[54, 20, 2]] over GF(8)
Quantum Code Found: [[54, 20, 2]] over GF(8)
Quantum Code Found: [[54, 8, 2]] over GF(8)
Quantum Code Found: [[54, 40, 2]] over GF(8)
Quantum Code Found: [[54, 28, 2]] over GF(8)
Quantum Code Found: [[54, 28, 2]] over GF(8)
Quantum Code Found: [[54, 16, 2]] over GF(8)
Quantum Code Found: [[54, 28, 2]] over GF(8)
Quantum Code Found: [[54, 16, 2]] over GF(8)
Quantum Code Found: [[54, 16, 2]] over GF(8)
Quantum Code Found: [[54, 4, 2]] over GF(8)
Quantum Code Found: [[54, 40, 2]] over GF(8)
Quantum Code Found: [[54, 28, 2]] over GF(8)
Quantum Code Found: [[54, 28, 2]] over GF(8)
Quantum Code Found: [[54, 16, 2]] over GF(8)
Quantum Code Found: [[54, 28, 2]] over GF(8)
Quantum Code Found: [[54, 16, 2]] over GF(8)
Quantum Code Found: [[54, 16, 2]] over GF(8)
Quantum Code Found: [[54, 4, 2]] over GF(8)
Quantum Code Found: [[54, 36, 2]] over GF(8)
Quantum Code Found: [[54, 24, 2]] over GF(8)
Quantum Code Found: [[54, 24, 2]] over GF(8)
Quantum Code Found: [[54, 12, 2]] over GF(8)
Quantum Code Found: [[54, 24, 2]] over GF(8)
Quantum Code Found: [[54, 12, 2]] over GF(8)
Quantum Code Found: [[54, 12, 2]] over GF(8)
Quantum Code Found: [[54, 0, 2]] over GF(8)
Quantum Code Found: [[54, 0, 2]] over GF(8)
Quantum Code Found: [[54, 12, 2]] over GF(8)
Quantum Code Found: [[54, 12, 2]] over GF(8)
Quantum Code Found: [[54, 24, 2]] over GF(8)
Quantum Code Found: [[54, 12, 2]] over GF(8)
Quantum Code Found: [[54, 24, 2]] over GF(8)
Quantum Code Found: [[54, 24, 2]] over GF(8)
Quantum Code Found: [[54, 36, 2]] over GF(8)
Quantum Code Found: [[54, 4, 2]] over GF(8)
Quantum Code Found: [[54, 16, 2]] over GF(8)
Quantum Code Found: [[54, 16, 2]] over GF(8)
Quantum Code Found: [[54, 28, 2]] over GF(8)
Quantum Code Found: [[54, 16, 2]] over GF(8)
Quantum Code Found: [[54, 28, 2]] over GF(8)
Quantum Code Found: [[54, 28, 2]] over GF(8)
Quantum Code Found: [[54, 40, 2]] over GF(8)
Quantum Code Found: [[54, 4, 2]] over GF(8)
Quantum Code Found: [[54, 16, 2]] over GF(8)
Quantum Code Found: [[54, 16, 2]] over GF(8)
Quantum Code Found: [[54, 28, 2]] over GF(8)
Quantum Code Found: [[54, 16, 2]] over GF(8)
Quantum Code Found: [[54, 28, 2]] over GF(8)
Quantum Code Found: [[54, 28, 2]] over GF(8)
Quantum Code Found: [[54, 40, 2]] over GF(8)
Quantum Code Found: [[54, 8, 2]] over GF(8)
Quantum Code Found: [[54, 20, 2]] over GF(8)
Quantum Code Found: [[54, 20, 2]] over GF(8)
Quantum Code Found: [[54, 32, 2]] over GF(8)
Quantum Code Found: [[54, 20, 2]] over GF(8)
Quantum Code Found: [[54, 32, 2]] over GF(8)
Quantum Code Found: [[54, 32, 2]] over GF(8)
Quantum Code Found: [[54, 44, 2]] over GF(8)
Quantum Code Found: [[54, 4, 2]] over GF(8)
Quantum Code Found: [[54, 16, 2]] over GF(8)
Quantum Code Found: [[54, 16, 2]] over GF(8)
Quantum Code Found: [[54, 28, 2]] over GF(8)
Quantum Code Found: [[54, 16, 2]] over GF(8)
Quantum Code Found: [[54, 28, 2]] over GF(8)
Quantum Code Found: [[54, 28, 2]] over GF(8)
Quantum Code Found: [[54, 40, 2]] over GF(8)
Quantum Code Found: [[54, 8, 2]] over GF(8)
Quantum Code Found: [[54, 20, 2]] over GF(8)
Quantum Code Found: [[54, 20, 2]] over GF(8)
Quantum Code Found: [[54, 32, 2]] over GF(8)
Quantum Code Found: [[54, 20, 2]] over GF(8)
Quantum Code Found: [[54, 32, 2]] over GF(8)
Quantum Code Found: [[54, 32, 2]] over GF(8)
Quantum Code Found: [[54, 44, 2]] over GF(8)
Quantum Code Found: [[54, 8, 2]] over GF(8)
Quantum Code Found: [[54, 20, 2]] over GF(8)
Quantum Code Found: [[54, 20, 2]] over GF(8)
Quantum Code Found: [[54, 32, 2]] over GF(8)
Quantum Code Found: [[54, 20, 2]] over GF(8)
Quantum Code Found: [[54, 32, 2]] over GF(8)
Quantum Code Found: [[54, 32, 2]] over GF(8)
Quantum Code Found: [[54, 44, 2]] over GF(8)
Quantum Code Found: [[54, 12, 2]] over GF(8)
Quantum Code Found: [[54, 24, 2]] over GF(8)
Quantum Code Found: [[54, 24, 2]] over GF(8)
Quantum Code Found: [[54, 36, 2]] over GF(8)
Quantum Code Found: [[54, 24, 2]] over GF(8)
Quantum Code Found: [[54, 36, 2]] over GF(8)
Quantum Code Found: [[54, 36, 2]] over GF(8)
Quantum Code Found: [[54, 48, 2]] over GF(8)
Quantum Code Found: [[54, 4, 2]] over GF(8)
Quantum Code Found: [[54, 16, 2]] over GF(8)
Quantum Code Found: [[54, 16, 2]] over GF(8)
Quantum Code Found: [[54, 28, 2]] over GF(8)
Quantum Code Found: [[54, 16, 2]] over GF(8)
Quantum Code Found: [[54, 28, 2]] over GF(8)
Quantum Code Found: [[54, 28, 2]] over GF(8)
Quantum Code Found: [[54, 40, 2]] over GF(8)
Quantum Code Found: [[54, 8, 2]] over GF(8)
Quantum Code Found: [[54, 20, 2]] over GF(8)
Quantum Code Found: [[54, 20, 2]] over GF(8)
Quantum Code Found: [[54, 32, 2]] over GF(8)
Quantum Code Found: [[54, 20, 2]] over GF(8)
Quantum Code Found: [[54, 32, 2]] over GF(8)
Quantum Code Found: [[54, 32, 2]] over GF(8)
Quantum Code Found: [[54, 44, 2]] over GF(8)
Quantum Code Found: [[54, 8, 2]] over GF(8)
Quantum Code Found: [[54, 20, 2]] over GF(8)
Quantum Code Found: [[54, 20, 2]] over GF(8)
Quantum Code Found: [[54, 32, 2]] over GF(8)
Quantum Code Found: [[54, 20, 2]] over GF(8)
Quantum Code Found: [[54, 32, 2]] over GF(8)
Quantum Code Found: [[54, 32, 2]] over GF(8)
Quantum Code Found: [[54, 44, 2]] over GF(8)
Quantum Code Found: [[54, 12, 2]] over GF(8)
Quantum Code Found: [[54, 24, 2]] over GF(8)
Quantum Code Found: [[54, 24, 2]] over GF(8)
Quantum Code Found: [[54, 36, 2]] over GF(8)
Quantum Code Found: [[54, 24, 2]] over GF(8)
Quantum Code Found: [[54, 36, 2]] over GF(8)
Quantum Code Found: [[54, 36, 2]] over GF(8)
Quantum Code Found: [[54, 48, 2]] over GF(8)
Quantum Code Found: [[54, 8, 2]] over GF(8)
Quantum Code Found: [[54, 20, 2]] over GF(8)
Quantum Code Found: [[54, 20, 2]] over GF(8)
Quantum Code Found: [[54, 32, 2]] over GF(8)
Quantum Code Found: [[54, 20, 2]] over GF(8)
Quantum Code Found: [[54, 32, 2]] over GF(8)
Quantum Code Found: [[54, 32, 2]] over GF(8)
Quantum Code Found: [[54, 44, 2]] over GF(8)
Quantum Code Found: [[54, 12, 2]] over GF(8)
Quantum Code Found: [[54, 24, 2]] over GF(8)
Quantum Code Found: [[54, 24, 2]] over GF(8)
Quantum Code Found: [[54, 36, 2]] over GF(8)
Quantum Code Found: [[54, 24, 2]] over GF(8)
Quantum Code Found: [[54, 36, 2]] over GF(8)
Quantum Code Found: [[54, 36, 2]] over GF(8)
Quantum Code Found: [[54, 48, 2]] over GF(8)
Quantum Code Found: [[54, 12, 2]] over GF(8)
Quantum Code Found: [[54, 24, 2]] over GF(8)
Quantum Code Found: [[54, 24, 2]] over GF(8)
Quantum Code Found: [[54, 36, 2]] over GF(8)
Quantum Code Found: [[54, 24, 2]] over GF(8)
Quantum Code Found: [[54, 36, 2]] over GF(8)
Quantum Code Found: [[54, 36, 2]] over GF(8)
Quantum Code Found: [[54, 48, 2]] over GF(8)
Quantum Code Found: [[54, 16, 2]] over GF(8)
Quantum Code Found: [[54, 28, 2]] over GF(8)
Quantum Code Found: [[54, 28, 2]] over GF(8)
Quantum Code Found: [[54, 40, 2]] over GF(8)
Quantum Code Found: [[54, 28, 2]] over GF(8)
Quantum Code Found: [[54, 40, 2]] over GF(8)
Quantum Code Found: [[54, 40, 2]] over GF(8)
Quantum Code Found: [[54, 52, 2]] over GF(8)
Quantum Code Found: [[54, 2, 2]] over GF(8)
Quantum Code Found: [[54, 14, 2]] over GF(8)
Quantum Code Found: [[54, 14, 2]] over GF(8)
Quantum Code Found: [[54, 26, 2]] over GF(8)
Quantum Code Found: [[54, 14, 2]] over GF(8)
Quantum Code Found: [[54, 26, 2]] over GF(8)
Quantum Code Found: [[54, 26, 2]] over GF(8)
Quantum Code Found: [[54, 38, 2]] over GF(8)
Quantum Code Found: [[54, 6, 2]] over GF(8)
Quantum Code Found: [[54, 18, 2]] over GF(8)
Quantum Code Found: [[54, 18, 2]] over GF(8)
Quantum Code Found: [[54, 30, 2]] over GF(8)
Quantum Code Found: [[54, 18, 2]] over GF(8)
Quantum Code Found: [[54, 30, 2]] over GF(8)
Quantum Code Found: [[54, 30, 2]] over GF(8)
Quantum Code Found: [[54, 42, 2]] over GF(8)
Quantum Code Found: [[54, 6, 2]] over GF(8)
Quantum Code Found: [[54, 18, 2]] over GF(8)
Quantum Code Found: [[54, 18, 2]] over GF(8)
Quantum Code Found: [[54, 30, 2]] over GF(8)
Quantum Code Found: [[54, 18, 2]] over GF(8)
Quantum Code Found: [[54, 30, 2]] over GF(8)
Quantum Code Found: [[54, 30, 2]] over GF(8)
Quantum Code Found: [[54, 42, 2]] over GF(8)
Quantum Code Found: [[54, 10, 2]] over GF(8)
Quantum Code Found: [[54, 22, 2]] over GF(8)
Quantum Code Found: [[54, 22, 2]] over GF(8)
Quantum Code Found: [[54, 34, 2]] over GF(8)
Quantum Code Found: [[54, 22, 2]] over GF(8)
Quantum Code Found: [[54, 34, 2]] over GF(8)
Quantum Code Found: [[54, 34, 2]] over GF(8)
Quantum Code Found: [[54, 46, 2]] over GF(8)
Quantum Code Found: [[54, 6, 2]] over GF(8)
Quantum Code Found: [[54, 18, 2]] over GF(8)
Quantum Code Found: [[54, 18, 2]] over GF(8)
Quantum Code Found: [[54, 30, 2]] over GF(8)
Quantum Code Found: [[54, 18, 2]] over GF(8)
Quantum Code Found: [[54, 30, 2]] over GF(8)
Quantum Code Found: [[54, 30, 2]] over GF(8)
Quantum Code Found: [[54, 42, 2]] over GF(8)
Quantum Code Found: [[54, 10, 2]] over GF(8)
Quantum Code Found: [[54, 22, 2]] over GF(8)
Quantum Code Found: [[54, 22, 2]] over GF(8)
Quantum Code Found: [[54, 34, 2]] over GF(8)
Quantum Code Found: [[54, 22, 2]] over GF(8)
Quantum Code Found: [[54, 34, 2]] over GF(8)
Quantum Code Found: [[54, 34, 2]] over GF(8)
Quantum Code Found: [[54, 46, 2]] over GF(8)
Quantum Code Found: [[54, 10, 2]] over GF(8)
Quantum Code Found: [[54, 22, 2]] over GF(8)
Quantum Code Found: [[54, 22, 2]] over GF(8)
Quantum Code Found: [[54, 34, 2]] over GF(8)
Quantum Code Found: [[54, 22, 2]] over GF(8)
Quantum Code Found: [[54, 34, 2]] over GF(8)
Quantum Code Found: [[54, 34, 2]] over GF(8)
Quantum Code Found: [[54, 46, 2]] over GF(8)
Quantum Code Found: [[54, 14, 2]] over GF(8)
Quantum Code Found: [[54, 26, 2]] over GF(8)
Quantum Code Found: [[54, 26, 2]] over GF(8)
Quantum Code Found: [[54, 38, 2]] over GF(8)
Quantum Code Found: [[54, 26, 2]] over GF(8)
Quantum Code Found: [[54, 38, 2]] over GF(8)
Quantum Code Found: [[54, 38, 2]] over GF(8)
Quantum Code Found: [[54, 50, 2]] over GF(8)
Quantum Code Found: [[54, 6, 2]] over GF(8)
Quantum Code Found: [[54, 18, 2]] over GF(8)
Quantum Code Found: [[54, 18, 2]] over GF(8)
Quantum Code Found: [[54, 30, 2]] over GF(8)
Quantum Code Found: [[54, 18, 2]] over GF(8)
Quantum Code Found: [[54, 30, 2]] over GF(8)
Quantum Code Found: [[54, 30, 2]] over GF(8)
Quantum Code Found: [[54, 42, 2]] over GF(8)
Quantum Code Found: [[54, 10, 2]] over GF(8)
Quantum Code Found: [[54, 22, 2]] over GF(8)
Quantum Code Found: [[54, 22, 2]] over GF(8)
Quantum Code Found: [[54, 34, 2]] over GF(8)
Quantum Code Found: [[54, 22, 2]] over GF(8)
Quantum Code Found: [[54, 34, 2]] over GF(8)
Quantum Code Found: [[54, 34, 2]] over GF(8)
Quantum Code Found: [[54, 46, 2]] over GF(8)
Quantum Code Found: [[54, 10, 2]] over GF(8)
Quantum Code Found: [[54, 22, 2]] over GF(8)
Quantum Code Found: [[54, 22, 2]] over GF(8)
Quantum Code Found: [[54, 34, 2]] over GF(8)
Quantum Code Found: [[54, 22, 2]] over GF(8)
Quantum Code Found: [[54, 34, 2]] over GF(8)
Quantum Code Found: [[54, 34, 2]] over GF(8)
Quantum Code Found: [[54, 46, 2]] over GF(8)
Quantum Code Found: [[54, 14, 2]] over GF(8)
Quantum Code Found: [[54, 26, 2]] over GF(8)
Quantum Code Found: [[54, 26, 2]] over GF(8)
Quantum Code Found: [[54, 38, 2]] over GF(8)
Quantum Code Found: [[54, 26, 2]] over GF(8)
Quantum Code Found: [[54, 38, 2]] over GF(8)
Quantum Code Found: [[54, 38, 2]] over GF(8)
Quantum Code Found: [[54, 50, 2]] over GF(8)
Quantum Code Found: [[54, 10, 2]] over GF(8)
Quantum Code Found: [[54, 22, 2]] over GF(8)
Quantum Code Found: [[54, 22, 2]] over GF(8)
Quantum Code Found: [[54, 34, 2]] over GF(8)
Quantum Code Found: [[54, 22, 2]] over GF(8)
Quantum Code Found: [[54, 34, 2]] over GF(8)
Quantum Code Found: [[54, 34, 2]] over GF(8)
Quantum Code Found: [[54, 46, 2]] over GF(8)
Quantum Code Found: [[54, 14, 2]] over GF(8)
Quantum Code Found: [[54, 26, 2]] over GF(8)
Quantum Code Found: [[54, 26, 2]] over GF(8)
Quantum Code Found: [[54, 38, 2]] over GF(8)
Quantum Code Found: [[54, 26, 2]] over GF(8)
Quantum Code Found: [[54, 38, 2]] over GF(8)
Quantum Code Found: [[54, 38, 2]] over GF(8)
Quantum Code Found: [[54, 50, 2]] over GF(8)
Quantum Code Found: [[54, 14, 2]] over GF(8)
Quantum Code Found: [[54, 26, 2]] over GF(8)
Quantum Code Found: [[54, 26, 2]] over GF(8)
Quantum Code Found: [[54, 38, 2]] over GF(8)
Quantum Code Found: [[54, 26, 2]] over GF(8)
Quantum Code Found: [[54, 38, 2]] over GF(8)
Quantum Code Found: [[54, 38, 2]] over GF(8)
Quantum Code Found: [[54, 50, 2]] over GF(8)
Quantum Code Found: [[54, 18, 2]] over GF(8)
Quantum Code Found: [[54, 30, 2]] over GF(8)
Quantum Code Found: [[54, 30, 2]] over GF(8)
Quantum Code Found: [[54, 42, 2]] over GF(8)
Quantum Code Found: [[54, 30, 2]] over GF(8)
Quantum Code Found: [[54, 42, 2]] over GF(8)
Quantum Code Found: [[54, 42, 2]] over GF(8)

Total time: 33.460 seconds, Total memory usage: 32.09MB
	Command being timed: "magma /home/nguyen7/QuantumCode/CyclicCode/Input/q8_n54.m"
	User time (seconds): 33.45
	System time (seconds): 0.01
	Percent of CPU this job got: 4%
	Elapsed (wall clock) time (h:mm:ss or m:ss): 11:18.01
	Average shared text size (kbytes): 0
	Average unshared data size (kbytes): 0
	Average stack size (kbytes): 0
	Average total size (kbytes): 0
	Maximum resident set size (kbytes): 24960
	Average resident set size (kbytes): 0
	Major (requiring I/O) page faults: 0
	Minor (reclaiming a frame) page faults: 3317
	Voluntary context switches: 7
	Involuntary context switches: 9560
	Swaps: 0
	File system inputs: 0
	File system outputs: 208
	Socket messages sent: 0
	Socket messages received: 0
	Signals delivered: 0
	Page size (bytes): 4096
	Exit status: 0
