Magma V2.28-11    Sun May  4 2025 20:19:19 on kashi    [Seed = 3116765453]

+-------------------------------------------------------------------+
|       This copy of Magma has been made available through a        |
|                   generous initiative of the                      |
|                                                                   |
|                         Simons Foundation                         |
|                                                                   |
| covering U.S. Colleges, Universities, Nonprofit Research entities,|
|               and their students, faculty, and staff              |
+-------------------------------------------------------------------+

Type ? for help.  Type <Ctrl>-D to quit.

Loading file "/home/nguyen7/QuantumCode/CyclicCode/Input/q8_n64.m"
Quantum Code Found: [[64, 62, 2]] over GF(8)
Quantum Code Found: [[64, 60, 2]] over GF(8)
Quantum Code Found: [[64, 58, 2]] over GF(8)
Quantum Code Found: [[64, 56, 2]] over GF(8)
Quantum Code Found: [[64, 54, 2]] over GF(8)
Quantum Code Found: [[64, 52, 2]] over GF(8)
Quantum Code Found: [[64, 50, 2]] over GF(8)
Quantum Code Found: [[64, 48, 2]] over GF(8)
Quantum Code Found: [[64, 46, 2]] over GF(8)
Quantum Code Found: [[64, 44, 2]] over GF(8)
Quantum Code Found: [[64, 42, 2]] over GF(8)
Quantum Code Found: [[64, 40, 2]] over GF(8)
Quantum Code Found: [[64, 38, 2]] over GF(8)
Quantum Code Found: [[64, 36, 2]] over GF(8)
Quantum Code Found: [[64, 34, 2]] over GF(8)
Quantum Code Found: [[64, 32, 2]] over GF(8)
Quantum Code Found: [[64, 30, 2]] over GF(8)
Quantum Code Found: [[64, 28, 2]] over GF(8)
Quantum Code Found: [[64, 26, 2]] over GF(8)
Quantum Code Found: [[64, 24, 2]] over GF(8)
Quantum Code Found: [[64, 22, 2]] over GF(8)
Quantum Code Found: [[64, 20, 2]] over GF(8)
Quantum Code Found: [[64, 18, 2]] over GF(8)
Quantum Code Found: [[64, 16, 2]] over GF(8)
Quantum Code Found: [[64, 14, 2]] over GF(8)
Quantum Code Found: [[64, 12, 2]] over GF(8)
Quantum Code Found: [[64, 10, 2]] over GF(8)
Quantum Code Found: [[64, 8, 2]] over GF(8)
Quantum Code Found: [[64, 6, 2]] over GF(8)
Quantum Code Found: [[64, 4, 2]] over GF(8)
Quantum Code Found: [[64, 2, 2]] over GF(8)
Quantum Code Found: [[64, 0, 2]] over GF(8)
Quantum Code Found: [[64, 0, 2]] over GF(8)
Quantum Code Found: [[64, 2, 2]] over GF(8)
Quantum Code Found: [[64, 4, 2]] over GF(8)
Quantum Code Found: [[64, 6, 2]] over GF(8)
Quantum Code Found: [[64, 8, 2]] over GF(8)
Quantum Code Found: [[64, 10, 2]] over GF(8)
Quantum Code Found: [[64, 12, 2]] over GF(8)
Quantum Code Found: [[64, 14, 2]] over GF(8)
Quantum Code Found: [[64, 16, 2]] over GF(8)
Quantum Code Found: [[64, 18, 2]] over GF(8)
Quantum Code Found: [[64, 20, 2]] over GF(8)
Quantum Code Found: [[64, 22, 2]] over GF(8)
Quantum Code Found: [[64, 24, 2]] over GF(8)
Quantum Code Found: [[64, 26, 2]] over GF(8)
Quantum Code Found: [[64, 28, 2]] over GF(8)
Quantum Code Found: [[64, 30, 2]] over GF(8)
Quantum Code Found: [[64, 32, 2]] over GF(8)
Quantum Code Found: [[64, 34, 2]] over GF(8)
Quantum Code Found: [[64, 36, 2]] over GF(8)
Quantum Code Found: [[64, 38, 2]] over GF(8)
Quantum Code Found: [[64, 40, 2]] over GF(8)
Quantum Code Found: [[64, 42, 2]] over GF(8)
Quantum Code Found: [[64, 44, 2]] over GF(8)
Quantum Code Found: [[64, 46, 2]] over GF(8)
Quantum Code Found: [[64, 48, 2]] over GF(8)
Quantum Code Found: [[64, 50, 2]] over GF(8)
Quantum Code Found: [[64, 52, 2]] over GF(8)
Quantum Code Found: [[64, 54, 2]] over GF(8)
Quantum Code Found: [[64, 56, 2]] over GF(8)
Quantum Code Found: [[64, 58, 2]] over GF(8)
Quantum Code Found: [[64, 60, 2]] over GF(8)
Quantum Code Found: [[64, 62, 2]] over GF(8)

Total time: 5.070 seconds, Total memory usage: 32.09MB
	Command being timed: "magma /home/nguyen7/QuantumCode/CyclicCode/Input/q8_n64.m"
	User time (seconds): 5.07
	System time (seconds): 0.00
	Percent of CPU this job got: 4%
	Elapsed (wall clock) time (h:mm:ss or m:ss): 2:00.74
	Average shared text size (kbytes): 0
	Average unshared data size (kbytes): 0
	Average stack size (kbytes): 0
	Average total size (kbytes): 0
	Maximum resident set size (kbytes): 24448
	Average resident set size (kbytes): 0
	Major (requiring I/O) page faults: 0
	Minor (reclaiming a frame) page faults: 3253
	Voluntary context switches: 6
	Involuntary context switches: 1447
	Swaps: 0
	File system inputs: 0
	File system outputs: 32
	Socket messages sent: 0
	Socket messages received: 0
	Signals delivered: 0
	Page size (bytes): 4096
	Exit status: 0
